<?xml version="1.0" encoding="UTF-8"?>
<!-- Generated by org.testng.reporters.JUnitReportReporter -->
<testsuite hostname="DESKTOP-EBO940N" failures="0" tests="1" name="elements.Checkbox_Demo" time="26.878" errors="0" timestamp="2025-02-26T12:28:02 IST" skipped="0">
  <testcase classname="elements.Checkbox_Demo" name="Checkbox_Demo" time="26.878"/>
</testsuite> <!-- elements.Checkbox_Demo -->
