<?xml version="1.0" encoding="UTF-8"?>
<!-- Generated by org.testng.reporters.JUnitReportReporter -->
<testsuite hostname="DESKTOP-EBO940N" failures="0" tests="1" name="elements.Radiobuttons_Demo" time="20.542" errors="0" timestamp="2025-02-26T12:28:02 IST" skipped="0">
  <testcase classname="elements.Radiobuttons_Demo" name="Radiobuttons_Demo" time="20.542"/>
</testsuite> <!-- elements.Radiobuttons_Demo -->
