<?xml version="1.0" encoding="UTF-8"?>
<!-- Generated by org.testng.reporters.JUnitReportReporter -->
<testsuite hostname="DESKTOP-EBO940N" failures="0" tests="1" name="elements.automate_list" time="27.993" errors="0" timestamp="2025-02-26T12:28:02 IST" skipped="0">
  <testcase classname="elements.automate_list" name="List_demo" time="27.993"/>
</testsuite> <!-- elements.automate_list -->
