<?xml version="1.0" encoding="UTF-8"?>
<!-- Generated by org.testng.reporters.JUnitReportReporter -->
<testsuite hostname="DESKTOP-EBO940N" failures="0" tests="1" name="elements.Buttons_Demo" time="26.420" errors="0" timestamp="2025-02-26T12:28:02 IST" skipped="0">
  <testcase classname="elements.Buttons_Demo" name="Buttons_Demo" time="26.420"/>
</testsuite> <!-- elements.Buttons_Demo -->
