<?xml version="1.0" encoding="UTF-8"?>
<!-- Generated by org.testng.reporters.JUnitReportReporter -->
<testsuite hostname="DESKTOP-EBO940N" failures="0" tests="2" name="testNG.SampleTestCase" time="8.956" errors="0" timestamp="2025-02-19T18:36:55 IST" skipped="0">
  <testcase classname="testNG.SampleTestCase" name="test_1" time="3.925"/>
  <testcase classname="testNG.SampleTestCase" name="test_2" time="5.031"/>
</testsuite> <!-- testNG.SampleTestCase -->
