<?xml version="1.0" encoding="UTF-8"?>
<!-- Generated by org.testng.reporters.JUnitReportReporter -->
<testsuite hostname="DESKTOP-EBO940N" failures="0" tests="1" name="elements.Textbox_Demo" time="5.832" errors="0" timestamp="2025-02-26T12:33:13 IST" skipped="0">
  <testcase classname="elements.Textbox_Demo" name="Textbox_Demo" time="5.832"/>
</testsuite> <!-- elements.Textbox_Demo -->
